2017-03-06 23:08:34,693 - Rotating Log - DEBUG - GLOB sdist-make: /workspace/setup.py
2017-03-06 23:08:34,806 - Rotating Log - DEBUG - py36 create: /workspace/.tox/py36
2017-03-06 23:08:38,652 - Rotating Log - DEBUG - py36 installdeps: pytest
2017-03-06 23:08:39,968 - Rotating Log - DEBUG - py36 inst: /workspace/.tox/dist/Example App-1.0.zip
2017-03-06 23:08:41,993 - Rotating Log - DEBUG - py36 installed: appdirs==1.4.2,Example-App==1.0,packaging==16.8,py==1.4.32,pyparsing==2.2.0,pytest==3.0.6,six==1.10.0
2017-03-06 23:08:42,000 - Rotating Log - DEBUG - py36 runtests: PYTHONHASHSEED='3943156673'
2017-03-06 23:08:42,001 - Rotating Log - DEBUG - py36 runtests: commands[0] | pytest
2017-03-06 23:08:42,474 - Rotating Log - DEBUG - ============================= test session starts ==============================
2017-03-06 23:08:42,474 - Rotating Log - DEBUG - platform linux -- Python 3.6.0, pytest-3.0.6, py-1.4.32, pluggy-0.4.0
2017-03-06 23:08:42,475 - Rotating Log - DEBUG - rootdir: /workspace, inifile:
2017-03-06 23:08:42,525 - Rotating Log - DEBUG - collected 1 items
2017-03-06 23:08:42,530 - Rotating Log - DEBUG - 
2017-03-06 23:08:42,540 - Rotating Log - DEBUG - tests/test_app.py .
2017-03-06 23:08:42,541 - Rotating Log - DEBUG - 
2017-03-06 23:08:42,542 - Rotating Log - DEBUG - =========================== 1 passed in 0.06 seconds ===========================
2017-03-06 23:08:42,639 - Rotating Log - DEBUG - ___________________________________ summary ____________________________________
2017-03-06 23:08:42,639 - Rotating Log - DEBUG - py36: commands succeeded
2017-03-06 23:08:42,640 - Rotating Log - DEBUG - congratulations :)
2017-03-06 23:09:10,382 - Rotating Log - DEBUG - GLOB sdist-make: /workspace/setup.py
2017-03-06 23:09:10,495 - Rotating Log - DEBUG - py36 create: /workspace/.tox/py36
2017-03-06 23:09:14,502 - Rotating Log - DEBUG - py36 installdeps: pytest
2017-03-06 23:09:16,331 - Rotating Log - DEBUG - py36 inst: /workspace/.tox/dist/Example App-1.0.zip
2017-03-06 23:09:18,543 - Rotating Log - DEBUG - py36 installed: appdirs==1.4.2,Example-App==1.0,packaging==16.8,py==1.4.32,pyparsing==2.2.0,pytest==3.0.6,six==1.10.0
2017-03-06 23:09:18,552 - Rotating Log - DEBUG - py36 runtests: PYTHONHASHSEED='324893101'
2017-03-06 23:09:18,552 - Rotating Log - DEBUG - py36 runtests: commands[0] | pytest
2017-03-06 23:09:18,879 - Rotating Log - DEBUG - ============================= test session starts ==============================
2017-03-06 23:09:18,879 - Rotating Log - DEBUG - platform linux -- Python 3.6.0, pytest-3.0.6, py-1.4.32, pluggy-0.4.0
2017-03-06 23:09:18,880 - Rotating Log - DEBUG - rootdir: /workspace, inifile:
2017-03-06 23:09:18,904 - Rotating Log - DEBUG - collected 1 items
2017-03-06 23:09:18,909 - Rotating Log - DEBUG - 
2017-03-06 23:09:18,916 - Rotating Log - DEBUG - tests/test_app.py .
2017-03-06 23:09:18,918 - Rotating Log - DEBUG - 
2017-03-06 23:09:18,919 - Rotating Log - DEBUG - =========================== 1 passed in 0.04 seconds ===========================
2017-03-06 23:09:19,035 - Rotating Log - DEBUG - ___________________________________ summary ____________________________________
2017-03-06 23:09:19,035 - Rotating Log - DEBUG - py36: commands succeeded
2017-03-06 23:09:19,036 - Rotating Log - DEBUG - congratulations :)
2017-03-06 23:11:08,391 - Rotating Log - DEBUG - GLOB sdist-make: /workspace/setup.py
2017-03-06 23:11:08,719 - Rotating Log - DEBUG - py36 recreate: /workspace/.tox/py36
2017-03-06 23:11:12,551 - Rotating Log - DEBUG - py36 installdeps: pytest
2017-03-06 23:11:13,711 - Rotating Log - DEBUG - py36 inst: /workspace/.tox/dist/Example App-1.0.zip
2017-03-06 23:11:15,535 - Rotating Log - DEBUG - py36 installed: appdirs==1.4.2,Example-App==1.0,packaging==16.8,py==1.4.32,pyparsing==2.2.0,pytest==3.0.6,six==1.10.0
2017-03-06 23:11:15,537 - Rotating Log - DEBUG - py36 runtests: PYTHONHASHSEED='2465664114'
2017-03-06 23:11:15,537 - Rotating Log - DEBUG - py36 runtests: commands[0] | pytest
2017-03-06 23:11:15,850 - Rotating Log - DEBUG - ============================= test session starts ==============================
2017-03-06 23:11:15,852 - Rotating Log - DEBUG - platform linux -- Python 3.6.0, pytest-3.0.6, py-1.4.32, pluggy-0.4.0
2017-03-06 23:11:15,852 - Rotating Log - DEBUG - rootdir: /workspace, inifile:
2017-03-06 23:11:15,889 - Rotating Log - DEBUG - collected 0 items / 1 errors
2017-03-06 23:11:16,066 - Rotating Log - DEBUG - 
2017-03-06 23:11:16,067 - Rotating Log - DEBUG - ==================================== ERRORS ====================================
2017-03-06 23:11:16,071 - Rotating Log - DEBUG - ______________________ ERROR collecting tests/test_app.py ______________________
2017-03-06 23:11:16,071 - Rotating Log - DEBUG - import file mismatch:
2017-03-06 23:11:16,071 - Rotating Log - DEBUG - imported module 'tests.test_app' has this __file__ attribute:
2017-03-06 23:11:16,072 - Rotating Log - DEBUG - /Users/bradleygolden/Development/docker-tox/example/tests/test_app.py
2017-03-06 23:11:16,072 - Rotating Log - DEBUG - which is not the same as the test file we want to collect:
2017-03-06 23:11:16,072 - Rotating Log - DEBUG - /workspace/tests/test_app.py
2017-03-06 23:11:16,072 - Rotating Log - DEBUG - HINT: remove __pycache__ / .pyc files and/or use a unique basename for your test file modules
2017-03-06 23:11:16,073 - Rotating Log - DEBUG - !!!!!!!!!!!!!!!!!!! Interrupted: 1 errors during collection !!!!!!!!!!!!!!!!!!!!
2017-03-06 23:11:16,074 - Rotating Log - DEBUG - =========================== 1 error in 0.22 seconds ============================
2017-03-06 23:11:16,148 - Rotating Log - DEBUG - ERROR: InvocationError: '/workspace/.tox/py36/bin/pytest'
2017-03-06 23:11:16,148 - Rotating Log - DEBUG - ___________________________________ summary ____________________________________
2017-03-06 23:11:16,148 - Rotating Log - DEBUG - ERROR:   py36: commands failed
